c:\users\tushar\source\repos\synth5\bin\intermediates\win32\release\vc141.pdb
c:\users\tushar\source\repos\synth5\bin\intermediates\win32\release\tracer.obj
c:\users\tushar\source\repos\synth6\bin\intermediates\win32\release\vc141.pdb
c:\users\tushar\source\repos\synth6\bin\intermediates\win32\release\tracer.obj
c:\users\tushar\source\repos\synth7 - recur\bin\intermediates\win32\release\vc141.pdb
c:\users\tushar\source\repos\synth7 - recur\bin\intermediates\win32\release\tracer.obj
c:\users\tushar\source\repos\synth5\bin\win32\release\synth.exe
c:\users\tushar\source\repos\synth5\bin\win32\release\synth.pdb
c:\users\tushar\source\repos\synth6\bin\win32\release\synth.exe
c:\users\tushar\source\repos\synth6\bin\win32\release\synth.pdb
c:\users\tushar\source\repos\synth7 - recur\bin\win32\release\synth.exe
c:\users\tushar\source\repos\synth7 - recur\bin\win32\release\synth.pdb
c:\users\tushar\source\repos\synth5\bin\win32\release\synth.ipdb
c:\users\tushar\source\repos\synth5\bin\win32\release\synth.iobj
c:\users\tushar\source\repos\synth6\bin\win32\release\synth.ipdb
c:\users\tushar\source\repos\synth6\bin\win32\release\synth.iobj
c:\users\tushar\source\repos\synth7 - recur\bin\win32\release\synth.ipdb
c:\users\tushar\source\repos\synth7 - recur\bin\win32\release\synth.iobj
c:\users\tushar\source\repos\synth7 - recur\bin\intermediates\win32\release\synth.tlog\cl.command.1.tlog
c:\users\tushar\source\repos\synth7 - recur\bin\intermediates\win32\release\synth.tlog\cl.read.1.tlog
c:\users\tushar\source\repos\synth7 - recur\bin\intermediates\win32\release\synth.tlog\cl.write.1.tlog
c:\users\tushar\source\repos\synth7 - recur\bin\intermediates\win32\release\synth.tlog\link.command.1.tlog
c:\users\tushar\source\repos\synth7 - recur\bin\intermediates\win32\release\synth.tlog\link.read.1.tlog
c:\users\tushar\source\repos\synth7 - recur\bin\intermediates\win32\release\synth.tlog\link.write.1.tlog
c:\users\tushar\source\repos\synth7 - recur\bin\intermediates\win32\release\synth.tlog\synth.write.1u.tlog
